\BOOKMARK [0][-]{chapter*.1}{\376\377\000A\000b\000s\000t\000r\000a\000c\000t}{}% 1
\BOOKMARK [0][-]{chapter*.3}{\376\377\000L\000i\000s\000t\000\040\000o\000f\000\040\000T\000a\000b\000l\000e\000s}{}% 2
\BOOKMARK [0][-]{chapter*.4}{\376\377\000L\000i\000s\000t\000\040\000o\000f\000\040\000F\000i\000g\000u\000r\000e\000s}{}% 3
\BOOKMARK [0][-]{chapter*.5}{\376\377\000L\000i\000s\000t\000\040\000o\000f\000\040\000A\000c\000r\000o\000n\000y\000m\000s}{}% 4
\BOOKMARK [-1][-]{part.1}{\376\377\000I\000\040\000I\000n\000t\000r\000o\000d\000u\000c\000t\000i\000o\000n\000\040\000a\000n\000d\000\040\000P\000a\000p\000e\000r\000\040\000A\000n\000a\000l\000y\000s\000i\000s}{}% 5
\BOOKMARK [0][-]{chapter.1}{\376\377\000I\000n\000t\000r\000o\000d\000u\000c\000t\000i\000o\000n}{part.1}% 6
\BOOKMARK [1][-]{section.1.1}{\376\377\000P\000a\000p\000e\000r\000\040\000U\000n\000d\000e\000r\000\040\000R\000e\000v\000i\000e\000w}{chapter.1}% 7
\BOOKMARK [2][-]{subsection.1.1.1}{\376\377\000B\000i\000b\000l\000i\000o\000g\000r\000a\000p\000h\000i\000c\000\040\000I\000n\000f\000o\000r\000m\000a\000t\000i\000o\000n}{section.1.1}% 8
\BOOKMARK [2][-]{subsection.1.1.2}{\376\377\000A\000b\000s\000t\000r\000a\000c\000t\000\040\000S\000u\000m\000m\000a\000r\000y}{section.1.1}% 9
\BOOKMARK [1][-]{section.1.2}{\376\377\000R\000e\000s\000e\000a\000r\000c\000h\000\040\000C\000o\000n\000t\000e\000x\000t\000\040\000a\000n\000d\000\040\000M\000o\000t\000i\000v\000a\000t\000i\000o\000n}{chapter.1}% 10
\BOOKMARK [2][-]{subsection.1.2.1}{\376\377\000T\000h\000e\000\040\000N\000e\000e\000d\000\040\000f\000o\000r\000\040\000Q\000u\000a\000n\000t\000u\000m\000-\000S\000e\000c\000u\000r\000e\000\040\000C\000o\000m\000m\000u\000n\000i\000c\000a\000t\000i\000o\000n}{section.1.2}% 11
\BOOKMARK [2][-]{subsection.1.2.2}{\376\377\000W\000h\000y\000\040\000S\000a\000t\000e\000l\000l\000i\000t\000e\000-\000B\000a\000s\000e\000d\000\040\000Q\000K\000D\000?}{section.1.2}% 12
\BOOKMARK [2][-]{subsection.1.2.3}{\376\377\000T\000h\000e\000\040\000R\000e\000l\000i\000a\000b\000i\000l\000i\000t\000y\000\040\000C\000h\000a\000l\000l\000e\000n\000g\000e}{section.1.2}% 13
\BOOKMARK [1][-]{section.1.3}{\376\377\000V\000i\000e\000t\000n\000a\000m\000e\000s\000e\000\040\000R\000e\000s\000e\000a\000r\000c\000h\000\040\000C\000o\000n\000t\000e\000x\000t}{chapter.1}% 14
\BOOKMARK [2][-]{subsection.1.3.1}{\376\377\000P\000T\000I\000T\000\040\000R\000e\000s\000e\000a\000r\000c\000h\000\040\000G\000r\000o\000u\000p}{section.1.3}% 15
\BOOKMARK [2][-]{subsection.1.3.2}{\376\377\000R\000e\000g\000i\000o\000n\000a\000l\000\040\000S\000i\000g\000n\000i\000f\000i\000c\000a\000n\000c\000e}{section.1.3}% 16
\BOOKMARK [1][-]{section.1.4}{\376\377\000L\000i\000t\000e\000r\000a\000t\000u\000r\000e\000\040\000R\000e\000v\000i\000e\000w\000\040\000O\000b\000j\000e\000c\000t\000i\000v\000e\000s}{chapter.1}% 17
\BOOKMARK [1][-]{section.1.5}{\376\377\000R\000e\000v\000i\000e\000w\000\040\000S\000t\000r\000u\000c\000t\000u\000r\000e}{chapter.1}% 18
\BOOKMARK [0][-]{chapter.2}{\376\377\000D\000e\000t\000a\000i\000l\000e\000d\000\040\000P\000a\000p\000e\000r\000\040\000A\000n\000a\000l\000y\000s\000i\000s}{part.1}% 19
\BOOKMARK [1][-]{section.2.1}{\376\377\000S\000y\000s\000t\000e\000m\000\040\000A\000r\000c\000h\000i\000t\000e\000c\000t\000u\000r\000e\000\040\000O\000v\000e\000r\000v\000i\000e\000w}{chapter.2}% 20
\BOOKMARK [2][-]{subsection.2.1.1}{\376\377\000T\000w\000o\000-\000L\000a\000y\000e\000r\000\040\000D\000e\000s\000i\000g\000n}{section.2.1}% 21
\BOOKMARK [2][-]{subsection.2.1.2}{\376\377\000L\000i\000n\000k\000\040\000C\000o\000n\000f\000i\000g\000u\000r\000a\000t\000i\000o\000n}{section.2.1}% 22
\BOOKMARK [1][-]{section.2.2}{\376\377\000K\000e\000y\000\040\000I\000n\000n\000o\000v\000a\000t\000i\000o\000n\000s}{chapter.2}% 23
\BOOKMARK [2][-]{subsection.2.2.1}{\376\377\000I\000n\000n\000o\000v\000a\000t\000i\000o\000n\000\040\0001\000:\000\040\000Q\000P\000S\000K\000-\000B\000a\000s\000e\000d\000\040\000Q\000K\000D\000\040\000P\000r\000o\000t\000o\000c\000o\000l}{section.2.2}% 24
\BOOKMARK [2][-]{subsection.2.2.2}{\376\377\000I\000n\000n\000o\000v\000a\000t\000i\000o\000n\000\040\0002\000:\000\040\000D\000u\000a\000l\000-\000T\000h\000r\000e\000s\000h\000o\000l\000d\000/\000H\000e\000t\000e\000r\000o\000d\000y\000n\000e\000\040\000D\000e\000t\000e\000c\000t\000i\000o\000n}{section.2.2}% 25
\BOOKMARK [2][-]{subsection.2.2.3}{\376\377\000I\000n\000n\000o\000v\000a\000t\000i\000o\000n\000\040\0003\000:\000\040\000K\000e\000y\000\040\000R\000e\000t\000r\000a\000n\000s\000m\000i\000s\000s\000i\000o\000n\000\040\000S\000c\000h\000e\000m\000e}{section.2.2}% 26
\BOOKMARK [2][-]{subsection.2.2.4}{\376\377\000I\000n\000n\000o\000v\000a\000t\000i\000o\000n\000\040\0004\000:\000\040\0003\000-\000D\000\040\000M\000a\000r\000k\000o\000v\000\040\000C\000h\000a\000i\000n\000\040\000M\000o\000d\000e\000l}{section.2.2}% 27
\BOOKMARK [1][-]{section.2.3}{\376\377\000M\000a\000i\000n\000\040\000C\000o\000n\000t\000r\000i\000b\000u\000t\000i\000o\000n\000s\000\040\000S\000u\000m\000m\000a\000r\000y}{chapter.2}% 28
\BOOKMARK [1][-]{section.2.4}{\376\377\000K\000e\000y\000\040\000R\000e\000s\000u\000l\000t\000s\000\040\000S\000u\000m\000m\000a\000r\000y}{chapter.2}% 29
\BOOKMARK [2][-]{subsection.2.4.1}{\376\377\000P\000h\000y\000s\000i\000c\000a\000l\000\040\000L\000a\000y\000e\000r\000\040\000R\000e\000s\000u\000l\000t\000s}{section.2.4}% 30
\BOOKMARK [2][-]{subsection.2.4.2}{\376\377\000L\000i\000n\000k\000\040\000L\000a\000y\000e\000r\000\040\000R\000e\000s\000u\000l\000t\000s}{section.2.4}% 31
\BOOKMARK [2][-]{subsection.2.4.3}{\376\377\000S\000e\000c\000u\000r\000i\000t\000y\000\040\000A\000n\000a\000l\000y\000s\000i\000s}{section.2.4}% 32
\BOOKMARK [1][-]{section.2.5}{\376\377\000S\000y\000s\000t\000e\000m\000\040\000P\000a\000r\000a\000m\000e\000t\000e\000r\000s}{chapter.2}% 33
\BOOKMARK [-1][-]{part.2}{\376\377\000I\000I\000\040\000L\000i\000t\000e\000r\000a\000t\000u\000r\000e\000\040\000R\000e\000v\000i\000e\000w\000:\000\040\000T\000h\000e\000o\000r\000e\000t\000i\000c\000a\000l\000\040\000F\000o\000u\000n\000d\000a\000t\000i\000o\000n\000s}{}% 34
\BOOKMARK [0][-]{chapter.3}{\376\377\000F\000o\000u\000n\000d\000a\000t\000i\000o\000n\000a\000l\000\040\000Q\000K\000D\000\040\000L\000i\000t\000e\000r\000a\000t\000u\000r\000e}{part.2}% 35
\BOOKMARK [1][-]{section.3.1}{\376\377\000T\000h\000e\000\040\000B\000B\0008\0004\000\040\000P\000r\000o\000t\000o\000c\000o\000l}{chapter.3}% 36
\BOOKMARK [2][-]{subsection.3.1.1}{\376\377\000H\000i\000s\000t\000o\000r\000i\000c\000a\000l\000\040\000C\000o\000n\000t\000e\000x\000t}{section.3.1}% 37
\BOOKMARK [2][-]{subsection.3.1.2}{\376\377\000P\000r\000o\000t\000o\000c\000o\000l\000\040\000D\000e\000s\000c\000r\000i\000p\000t\000i\000o\000n}{section.3.1}% 38
\BOOKMARK [2][-]{subsection.3.1.3}{\376\377\000S\000e\000c\000u\000r\000i\000t\000y\000\040\000F\000o\000u\000n\000d\000a\000t\000i\000o\000n}{section.3.1}% 39
\BOOKMARK [2][-]{subsection.3.1.4}{\376\377\000R\000e\000l\000e\000v\000a\000n\000c\000e\000\040\000t\000o\000\040\000N\000g\000u\000y\000e\000n\000\040\000e\000t\000\040\000a\000l\000.\000\040\000\050\0002\0000\0002\0001\000\051}{section.3.1}% 40
\BOOKMARK [1][-]{section.3.2}{\376\377\000T\000h\000e\000\040\000E\0009\0001\000\040\000P\000r\000o\000t\000o\000c\000o\000l}{chapter.3}% 41
\BOOKMARK [2][-]{subsection.3.2.1}{\376\377\000E\000n\000t\000a\000n\000g\000l\000e\000m\000e\000n\000t\000-\000B\000a\000s\000e\000d\000\040\000Q\000K\000D}{section.3.2}% 42
\BOOKMARK [2][-]{subsection.3.2.2}{\376\377\000S\000e\000c\000u\000r\000i\000t\000y\000\040\000v\000i\000a\000\040\000B\000e\000l\000l\000\040\000I\000n\000e\000q\000u\000a\000l\000i\000t\000y}{section.3.2}% 43
\BOOKMARK [2][-]{subsection.3.2.3}{\376\377\000A\000d\000v\000a\000n\000t\000a\000g\000e\000s\000\040\000a\000n\000d\000\040\000C\000h\000a\000l\000l\000e\000n\000g\000e\000s}{section.3.2}% 44
\BOOKMARK [1][-]{section.3.3}{\376\377\000C\000o\000n\000t\000i\000n\000u\000o\000u\000s\000-\000V\000a\000r\000i\000a\000b\000l\000e\000\040\000Q\000K\000D}{chapter.3}% 45
\BOOKMARK [2][-]{subsection.3.3.1}{\376\377\000P\000a\000r\000a\000d\000i\000g\000m\000\040\000S\000h\000i\000f\000t}{section.3.3}% 46
\BOOKMARK [2][-]{subsection.3.3.2}{\376\377\000G\000a\000u\000s\000s\000i\000a\000n\000\040\000M\000o\000d\000u\000l\000a\000t\000i\000o\000n\000\040\000P\000r\000o\000t\000o\000c\000o\000l}{section.3.3}% 47
\BOOKMARK [2][-]{subsection.3.3.3}{\376\377\000S\000e\000c\000u\000r\000i\000t\000y\000\040\000P\000r\000o\000o\000f\000s}{section.3.3}% 48
\BOOKMARK [2][-]{subsection.3.3.4}{\376\377\000R\000e\000l\000a\000t\000i\000o\000n\000s\000h\000i\000p\000\040\000t\000o\000\040\000N\000g\000u\000y\000e\000n\000\040\000e\000t\000\040\000a\000l\000.\000\040\000\050\0002\0000\0002\0001\000\051}{section.3.3}% 49
\BOOKMARK [1][-]{section.3.4}{\376\377\000D\000e\000c\000o\000y\000\040\000S\000t\000a\000t\000e\000\040\000M\000e\000t\000h\000o\000d}{chapter.3}% 50
\BOOKMARK [2][-]{subsection.3.4.1}{\376\377\000A\000d\000d\000r\000e\000s\000s\000i\000n\000g\000\040\000P\000r\000a\000c\000t\000i\000c\000a\000l\000\040\000S\000o\000u\000r\000c\000e\000\040\000L\000i\000m\000i\000t\000a\000t\000i\000o\000n\000s}{section.3.4}% 51
\BOOKMARK [2][-]{subsection.3.4.2}{\376\377\000P\000r\000i\000n\000c\000i\000p\000l\000e}{section.3.4}% 52
\BOOKMARK [2][-]{subsection.3.4.3}{\376\377\000S\000e\000c\000u\000r\000i\000t\000y\000\040\000E\000n\000h\000a\000n\000c\000e\000m\000e\000n\000t}{section.3.4}% 53
\BOOKMARK [2][-]{subsection.3.4.4}{\376\377\000I\000m\000p\000l\000e\000m\000e\000n\000t\000a\000t\000i\000o\000n\000\040\000i\000n\000\040\000S\000a\000t\000e\000l\000l\000i\000t\000e\000\040\000Q\000K\000D}{section.3.4}% 54
\BOOKMARK [1][-]{section.3.5}{\376\377\000L\000a\000n\000d\000m\000a\000r\000k\000\040\000R\000e\000v\000i\000e\000w\000\040\000P\000a\000p\000e\000r\000s}{chapter.3}% 55
\BOOKMARK [2][-]{subsection.3.5.1}{\376\377\000G\000i\000s\000i\000n\000\040\000e\000t\000\040\000a\000l\000.\000\040\000\050\0002\0000\0000\0002\000\051}{section.3.5}% 56
\BOOKMARK [2][-]{subsection.3.5.2}{\376\377\000S\000c\000a\000r\000a\000n\000i\000\040\000e\000t\000\040\000a\000l\000.\000\040\000\050\0002\0000\0000\0009\000\051}{section.3.5}% 57
\BOOKMARK [2][-]{subsection.3.5.3}{\376\377\000P\000i\000r\000a\000n\000d\000o\000l\000a\000\040\000e\000t\000\040\000a\000l\000.\000\040\000\050\0002\0000\0002\0000\000\051}{section.3.5}% 58
\BOOKMARK [2][-]{subsection.3.5.4}{\376\377\000X\000u\000\040\000e\000t\000\040\000a\000l\000.\000\040\000\050\0002\0000\0002\0000\000\051}{section.3.5}% 59
\BOOKMARK [1][-]{section.3.6}{\376\377\000H\000i\000s\000t\000o\000r\000i\000c\000a\000l\000\040\000T\000i\000m\000e\000l\000i\000n\000e}{chapter.3}% 60
\BOOKMARK [1][-]{section.3.7}{\376\377\000C\000h\000a\000p\000t\000e\000r\000\040\000S\000u\000m\000m\000a\000r\000y}{chapter.3}% 61
\BOOKMARK [0][-]{chapter.4}{\376\377\000S\000a\000t\000e\000l\000l\000i\000t\000e\000\040\000Q\000K\000D\000\040\000E\000x\000p\000e\000r\000i\000m\000e\000n\000t\000s}{part.2}% 62
\BOOKMARK [1][-]{section.4.1}{\376\377\000T\000h\000e\000\040\000M\000i\000c\000i\000u\000s\000\040\000S\000a\000t\000e\000l\000l\000i\000t\000e\000\040\000\050\000Q\000U\000E\000S\000S\000\051}{chapter.4}% 63
\BOOKMARK [2][-]{subsection.4.1.1}{\376\377\000M\000i\000s\000s\000i\000o\000n\000\040\000O\000v\000e\000r\000v\000i\000e\000w}{section.4.1}% 64
\BOOKMARK [2][-]{subsection.4.1.2}{\376\377\000S\000c\000i\000e\000n\000t\000i\000f\000i\000c\000\040\000P\000a\000y\000l\000o\000a\000d}{section.4.1}% 65
\BOOKMARK [1][-]{section.4.2}{\376\377\000M\000i\000c\000i\000u\000s\000\040\000E\000x\000p\000e\000r\000i\000m\000e\000n\000t\000a\000l\000\040\000R\000e\000s\000u\000l\000t\000s}{chapter.4}% 66
\BOOKMARK [2][-]{subsection.4.2.1}{\376\377\000S\000a\000t\000e\000l\000l\000i\000t\000e\000-\000t\000o\000-\000G\000r\000o\000u\000n\000d\000\040\000Q\000K\000D\000\040\000\050\0002\0000\0001\0007\000\051}{section.4.2}% 67
\BOOKMARK [2][-]{subsection.4.2.2}{\376\377\000E\000n\000t\000a\000n\000g\000l\000e\000m\000e\000n\000t\000\040\000D\000i\000s\000t\000r\000i\000b\000u\000t\000i\000o\000n\000\040\000\050\0002\0000\0001\0007\000\051}{section.4.2}% 68
\BOOKMARK [2][-]{subsection.4.2.3}{\376\377\000I\000n\000t\000e\000r\000c\000o\000n\000t\000i\000n\000e\000n\000t\000a\000l\000\040\000Q\000K\000D\000\040\000\050\0002\0000\0001\0008\000\051}{section.4.2}% 69
\BOOKMARK [2][-]{subsection.4.2.4}{\376\377\000F\000u\000l\000l\000\040\000Q\000u\000a\000n\000t\000u\000m\000\040\000T\000e\000l\000e\000p\000o\000r\000t\000a\000t\000i\000o\000n\000\040\000\050\0002\0000\0002\0001\000\051}{section.4.2}% 70
\BOOKMARK [1][-]{section.4.3}{\376\377\000I\000n\000t\000e\000g\000r\000a\000t\000e\000d\000\040\000S\000p\000a\000c\000e\000-\000G\000r\000o\000u\000n\000d\000\040\000N\000e\000t\000w\000o\000r\000k\000\040\000\050\0002\0000\0002\0001\000\051}{chapter.4}% 71
\BOOKMARK [2][-]{subsection.4.3.1}{\376\377\000C\000h\000e\000n\000\040\000e\000t\000\040\000a\000l\000.\000\040\000\050\0002\0000\0002\0001\000\051\000\040\000-\000\040\000N\000a\000t\000u\000r\000e}{section.4.3}% 72
\BOOKMARK [1][-]{section.4.4}{\376\377\000O\000t\000h\000e\000r\000\040\000S\000a\000t\000e\000l\000l\000i\000t\000e\000\040\000Q\000K\000D\000\040\000M\000i\000s\000s\000i\000o\000n\000s}{chapter.4}% 73
\BOOKMARK [2][-]{subsection.4.4.1}{\376\377\000J\000i\000n\000a\000n\000-\0001\000\040\000M\000i\000c\000r\000o\000-\000S\000a\000t\000e\000l\000l\000i\000t\000e\000\040\000\050\0002\0000\0002\0002\000\051}{section.4.4}% 74
\BOOKMARK [2][-]{subsection.4.4.2}{\376\377\000P\000l\000a\000n\000n\000e\000d\000\040\000M\000i\000s\000s\000i\000o\000n\000s\000\040\000\050\0002\0000\0002\0005\000-\0002\0000\0002\0007\000\051}{section.4.4}% 75
\BOOKMARK [2][-]{subsection.4.4.3}{\376\377\000J\000a\000p\000a\000n\000e\000s\000e\000\040\000N\000I\000C\000T\000\040\000E\000x\000p\000e\000r\000i\000m\000e\000n\000t\000s}{section.4.4}% 76
\BOOKMARK [1][-]{section.4.5}{\376\377\000C\000o\000m\000p\000a\000r\000i\000s\000o\000n\000\040\000w\000i\000t\000h\000\040\000N\000g\000u\000y\000e\000n\000\040\000e\000t\000\040\000a\000l\000.\000\040\000\050\0002\0000\0002\0001\000\051}{chapter.4}% 77
\BOOKMARK [2][-]{subsection.4.5.1}{\376\377\000S\000y\000s\000t\000e\000m\000\040\000P\000a\000r\000a\000m\000e\000t\000e\000r\000\040\000C\000o\000m\000p\000a\000r\000i\000s\000o\000n}{section.4.5}% 78
\BOOKMARK [2][-]{subsection.4.5.2}{\376\377\000C\000o\000m\000p\000l\000e\000m\000e\000n\000t\000a\000r\000y\000\040\000C\000o\000n\000t\000r\000i\000b\000u\000t\000i\000o\000n\000s}{section.4.5}% 79
\BOOKMARK [1][-]{section.4.6}{\376\377\000L\000e\000s\000s\000o\000n\000s\000\040\000f\000r\000o\000m\000\040\000S\000a\000t\000e\000l\000l\000i\000t\000e\000\040\000E\000x\000p\000e\000r\000i\000m\000e\000n\000t\000s}{chapter.4}% 80
\BOOKMARK [2][-]{subsection.4.6.1}{\376\377\000T\000e\000c\000h\000n\000i\000c\000a\000l\000\040\000I\000n\000s\000i\000g\000h\000t\000s}{section.4.6}% 81
\BOOKMARK [2][-]{subsection.4.6.2}{\376\377\000R\000e\000l\000e\000v\000a\000n\000c\000e\000\040\000t\000o\000\040\000N\000g\000u\000y\000e\000n\000\040\000e\000t\000\040\000a\000l\000.}{section.4.6}% 82
\BOOKMARK [1][-]{section.4.7}{\376\377\000C\000h\000a\000p\000t\000e\000r\000\040\000S\000u\000m\000m\000a\000r\000y}{chapter.4}% 83
\BOOKMARK [-1][-]{part.3}{\376\377\000I\000I\000I\000\040\000L\000i\000t\000e\000r\000a\000t\000u\000r\000e\000\040\000R\000e\000v\000i\000e\000w\000:\000\040\000T\000e\000c\000h\000n\000i\000c\000a\000l\000\040\000A\000s\000p\000e\000c\000t\000s}{}% 84
\BOOKMARK [0][-]{chapter.5}{\376\377\000A\000t\000m\000o\000s\000p\000h\000e\000r\000i\000c\000\040\000C\000h\000a\000n\000n\000e\000l\000\040\000M\000o\000d\000e\000l\000s}{part.3}% 85
\BOOKMARK [1][-]{section.5.1}{\376\377\000F\000r\000e\000e\000-\000S\000p\000a\000c\000e\000\040\000O\000p\000t\000i\000c\000a\000l\000\040\000C\000h\000a\000n\000n\000e\000l\000\040\000C\000h\000a\000r\000a\000c\000t\000e\000r\000i\000s\000t\000i\000c\000s}{chapter.5}% 86
\BOOKMARK [2][-]{subsection.5.1.1}{\376\377\000L\000o\000s\000s\000\040\000M\000e\000c\000h\000a\000n\000i\000s\000m\000s}{section.5.1}% 87
\BOOKMARK [2][-]{subsection.5.1.2}{\376\377\000L\000i\000t\000e\000r\000a\000t\000u\000r\000e\000\040\000F\000o\000u\000n\000d\000a\000t\000i\000o\000n}{section.5.1}% 88
\BOOKMARK [1][-]{section.5.2}{\376\377\000F\000r\000e\000e\000-\000S\000p\000a\000c\000e\000\040\000P\000a\000t\000h\000\040\000L\000o\000s\000s}{chapter.5}% 89
\BOOKMARK [2][-]{subsection.5.2.1}{\376\377\000I\000n\000v\000e\000r\000s\000e\000\040\000S\000q\000u\000a\000r\000e\000\040\000L\000a\000w}{section.5.2}% 90
\BOOKMARK [1][-]{section.5.3}{\376\377\000A\000t\000m\000o\000s\000p\000h\000e\000r\000i\000c\000\040\000A\000t\000t\000e\000n\000u\000a\000t\000i\000o\000n}{chapter.5}% 91
\BOOKMARK [2][-]{subsection.5.3.1}{\376\377\000B\000e\000e\000r\000-\000L\000a\000m\000b\000e\000r\000t\000\040\000L\000a\000w}{section.5.3}% 92
\BOOKMARK [2][-]{subsection.5.3.2}{\376\377\000W\000e\000a\000t\000h\000e\000r\000\040\000D\000e\000p\000e\000n\000d\000e\000n\000c\000e}{section.5.3}% 93
\BOOKMARK [1][-]{section.5.4}{\376\377\000A\000t\000m\000o\000s\000p\000h\000e\000r\000i\000c\000\040\000T\000u\000r\000b\000u\000l\000e\000n\000c\000e}{chapter.5}% 94
\BOOKMARK [2][-]{subsection.5.4.1}{\376\377\000P\000h\000y\000s\000i\000c\000a\000l\000\040\000O\000r\000i\000g\000i\000n}{section.5.4}% 95
\BOOKMARK [2][-]{subsection.5.4.2}{\376\377\000H\000u\000f\000n\000a\000g\000e\000l\000-\000V\000a\000l\000l\000e\000y\000\040\000M\000o\000d\000e\000l}{section.5.4}% 96
\BOOKMARK [2][-]{subsection.5.4.3}{\376\377\000S\000c\000i\000n\000t\000i\000l\000l\000a\000t\000i\000o\000n\000\040\000I\000n\000d\000e\000x}{section.5.4}% 97
\BOOKMARK [1][-]{section.5.5}{\376\377\000G\000a\000m\000m\000a\000-\000G\000a\000m\000m\000a\000\040\000T\000u\000r\000b\000u\000l\000e\000n\000c\000e\000\040\000M\000o\000d\000e\000l}{chapter.5}% 98
\BOOKMARK [2][-]{subsection.5.5.1}{\376\377\000A\000l\000-\000H\000a\000b\000a\000s\000h\000\040\000e\000t\000\040\000a\000l\000.\000\040\000\050\0002\0000\0000\0001\000\051}{section.5.5}% 99
\BOOKMARK [2][-]{subsection.5.5.2}{\376\377\000S\000c\000i\000n\000t\000i\000l\000l\000a\000t\000i\000o\000n\000\040\000P\000a\000r\000a\000m\000e\000t\000e\000r\000s}{section.5.5}% 100
\BOOKMARK [2][-]{subsection.5.5.3}{\376\377\000P\000h\000y\000s\000i\000c\000a\000l\000\040\000I\000n\000t\000e\000r\000p\000r\000e\000t\000a\000t\000i\000o\000n}{section.5.5}% 101
\BOOKMARK [2][-]{subsection.5.5.4}{\376\377\000V\000a\000s\000y\000l\000y\000e\000v\000\040\000e\000t\000\040\000a\000l\000.\000\040\000\050\0002\0000\0001\0006\000\051}{section.5.5}% 102
\BOOKMARK [1][-]{section.5.6}{\376\377\000B\000e\000a\000m\000\040\000S\000p\000r\000e\000a\000d\000i\000n\000g\000\040\000a\000n\000d\000\040\000W\000a\000n\000d\000e\000r\000i\000n\000g}{chapter.5}% 103
\BOOKMARK [2][-]{subsection.5.6.1}{\376\377\000L\000i\000o\000r\000n\000i\000\040\000e\000t\000\040\000a\000l\000.\000\040\000\050\0002\0000\0001\0009\000\051}{section.5.6}% 104
\BOOKMARK [2][-]{subsection.5.6.2}{\376\377\000E\000f\000f\000e\000c\000t\000i\000v\000e\000\040\000B\000e\000a\000m\000\040\000W\000i\000d\000t\000h}{section.5.6}% 105
\BOOKMARK [2][-]{subsection.5.6.3}{\376\377\000M\000a\000\040\000e\000t\000\040\000a\000l\000.\000\040\000\050\0002\0000\0001\0005\000\051}{section.5.6}% 106
\BOOKMARK [1][-]{section.5.7}{\376\377\000C\000h\000a\000n\000n\000e\000l\000\040\000M\000o\000d\000e\000l\000\040\000I\000m\000p\000l\000e\000m\000e\000n\000t\000a\000t\000i\000o\000n\000\040\000i\000n\000\040\000N\000g\000u\000y\000e\000n\000\040\000e\000t\000\040\000a\000l\000.}{chapter.5}% 107
\BOOKMARK [2][-]{subsection.5.7.1}{\376\377\000C\000o\000m\000b\000i\000n\000e\000d\000\040\000C\000h\000a\000n\000n\000e\000l\000\040\000C\000o\000e\000f\000f\000i\000c\000i\000e\000n\000t}{section.5.7}% 108
\BOOKMARK [2][-]{subsection.5.7.2}{\376\377\000S\000p\000e\000c\000i\000f\000i\000c\000\040\000P\000a\000r\000a\000m\000e\000t\000e\000r\000\040\000V\000a\000l\000u\000e\000s}{section.5.7}% 109
\BOOKMARK [2][-]{subsection.5.7.3}{\376\377\000I\000n\000t\000e\000g\000r\000a\000t\000i\000o\000n\000\040\000w\000i\000t\000h\000\040\000Q\000B\000E\000R\000\040\000A\000n\000a\000l\000y\000s\000i\000s}{section.5.7}% 110
\BOOKMARK [1][-]{section.5.8}{\376\377\000R\000e\000c\000e\000n\000t\000\040\000D\000e\000v\000e\000l\000o\000p\000m\000e\000n\000t\000s\000\040\000\050\0002\0000\0002\0000\000-\0002\0000\0002\0005\000\051}{chapter.5}% 111
\BOOKMARK [2][-]{subsection.5.8.1}{\376\377\000F\000i\000s\000h\000e\000r\000-\000S\000n\000e\000d\000e\000c\000o\000r\000\040\000F\000\040\000D\000i\000s\000t\000r\000i\000b\000u\000t\000i\000o\000n}{section.5.8}% 112
\BOOKMARK [2][-]{subsection.5.8.2}{\376\377\000M\000a\000c\000h\000i\000n\000e\000\040\000L\000e\000a\000r\000n\000i\000n\000g\000\040\000A\000p\000p\000r\000o\000a\000c\000h\000e\000s}{section.5.8}% 113
\BOOKMARK [2][-]{subsection.5.8.3}{\376\377\000T\000r\000o\000p\000i\000c\000a\000l\000\040\000A\000t\000m\000o\000s\000p\000h\000e\000r\000e\000\040\000C\000o\000n\000s\000i\000d\000e\000r\000a\000t\000i\000o\000n\000s}{section.5.8}% 114
\BOOKMARK [1][-]{section.5.9}{\376\377\000C\000h\000a\000p\000t\000e\000r\000\040\000S\000u\000m\000m\000a\000r\000y}{chapter.5}% 115
\BOOKMARK [0][-]{chapter.6}{\376\377\000D\000e\000t\000e\000c\000t\000i\000o\000n\000\040\000S\000c\000h\000e\000m\000e\000s\000\040\000a\000n\000d\000\040\000M\000o\000d\000u\000l\000a\000t\000i\000o\000n}{part.3}% 116
\BOOKMARK [1][-]{section.6.1}{\376\377\000D\000e\000t\000e\000c\000t\000i\000o\000n\000\040\000P\000a\000r\000a\000d\000i\000g\000m\000s\000\040\000i\000n\000\040\000Q\000K\000D}{chapter.6}% 117
\BOOKMARK [2][-]{subsection.6.1.1}{\376\377\000S\000i\000n\000g\000l\000e\000-\000P\000h\000o\000t\000o\000n\000\040\000D\000e\000t\000e\000c\000t\000i\000o\000n}{section.6.1}% 118
\BOOKMARK [2][-]{subsection.6.1.2}{\376\377\000C\000o\000h\000e\000r\000e\000n\000t\000\040\000D\000e\000t\000e\000c\000t\000i\000o\000n}{section.6.1}% 119
\BOOKMARK [1][-]{section.6.2}{\376\377\000H\000e\000t\000e\000r\000o\000d\000y\000n\000e\000\040\000D\000e\000t\000e\000c\000t\000i\000o\000n\000\040\000f\000o\000r\000\040\000Q\000K\000D}{chapter.6}% 120
\BOOKMARK [2][-]{subsection.6.2.1}{\376\377\000P\000r\000i\000n\000c\000i\000p\000l\000e\000\040\000o\000f\000\040\000O\000p\000e\000r\000a\000t\000i\000o\000n}{section.6.2}% 121
\BOOKMARK [2][-]{subsection.6.2.2}{\376\377\000S\000N\000R\000\040\000E\000n\000h\000a\000n\000c\000e\000m\000e\000n\000t}{section.6.2}% 122
\BOOKMARK [2][-]{subsection.6.2.3}{\376\377\000A\000p\000p\000l\000i\000c\000a\000t\000i\000o\000n\000\040\000t\000o\000\040\000Q\000K\000D}{section.6.2}% 123
\BOOKMARK [1][-]{section.6.3}{\376\377\000D\000u\000a\000l\000-\000T\000h\000r\000e\000s\000h\000o\000l\000d\000\040\000D\000e\000t\000e\000c\000t\000i\000o\000n}{chapter.6}% 124
\BOOKMARK [2][-]{subsection.6.3.1}{\376\377\000T\000r\000i\000n\000h\000\040\000e\000t\000\040\000a\000l\000.\000\040\000\050\0002\0000\0001\0008\000\051}{section.6.3}% 125
\BOOKMARK [2][-]{subsection.6.3.2}{\376\377\000T\000h\000r\000e\000s\000h\000o\000l\000d\000\040\000C\000o\000n\000f\000i\000g\000u\000r\000a\000t\000i\000o\000n}{section.6.3}% 126
\BOOKMARK [2][-]{subsection.6.3.3}{\376\377\000T\000r\000a\000d\000e\000-\000o\000f\000f\000\040\000A\000n\000a\000l\000y\000s\000i\000s}{section.6.3}% 127
\BOOKMARK [2][-]{subsection.6.3.4}{\376\377\000E\000v\000o\000l\000u\000t\000i\000o\000n\000:\000\040\000D\000T\000/\000D\000D\000\040\000t\000o\000\040\000D\000T\000/\000H\000D}{section.6.3}% 128
\BOOKMARK [1][-]{section.6.4}{\376\377\000M\000o\000d\000u\000l\000a\000t\000i\000o\000n\000\040\000S\000c\000h\000e\000m\000e\000s\000\040\000f\000o\000r\000\040\000Q\000K\000D}{chapter.6}% 129
\BOOKMARK [2][-]{subsection.6.4.1}{\376\377\000P\000o\000l\000a\000r\000i\000z\000a\000t\000i\000o\000n\000\040\000E\000n\000c\000o\000d\000i\000n\000g}{section.6.4}% 130
\BOOKMARK [2][-]{subsection.6.4.2}{\376\377\000P\000h\000a\000s\000e\000\040\000E\000n\000c\000o\000d\000i\000n\000g}{section.6.4}% 131
\BOOKMARK [2][-]{subsection.6.4.3}{\376\377\000H\000i\000g\000h\000e\000r\000-\000O\000r\000d\000e\000r\000\040\000M\000o\000d\000u\000l\000a\000t\000i\000o\000n}{section.6.4}% 132
\BOOKMARK [2][-]{subsection.6.4.4}{\376\377\000Q\000P\000S\000K\000\040\000v\000s\000.\000\040\000G\000a\000u\000s\000s\000i\000a\000n}{section.6.4}% 133
\BOOKMARK [1][-]{section.6.5}{\376\377\000R\000e\000c\000e\000i\000v\000e\000r\000\040\000A\000r\000c\000h\000i\000t\000e\000c\000t\000u\000r\000e}{chapter.6}% 134
\BOOKMARK [2][-]{subsection.6.5.1}{\376\377\000N\000g\000u\000y\000e\000n\000\040\000e\000t\000\040\000a\000l\000.\000\040\000R\000e\000c\000e\000i\000v\000e\000r\000\040\000D\000e\000s\000i\000g\000n}{section.6.5}% 135
\BOOKMARK [2][-]{subsection.6.5.2}{\376\377\000N\000o\000i\000s\000e\000\040\000S\000o\000u\000r\000c\000e\000s}{section.6.5}% 136
\BOOKMARK [1][-]{section.6.6}{\376\377\000Q\000B\000E\000R\000\040\000A\000n\000a\000l\000y\000s\000i\000s}{chapter.6}% 137
\BOOKMARK [2][-]{subsection.6.6.1}{\376\377\000E\000r\000r\000o\000r\000\040\000P\000r\000o\000b\000a\000b\000i\000l\000i\000t\000y\000\040\000D\000e\000r\000i\000v\000a\000t\000i\000o\000n}{section.6.6}% 138
\BOOKMARK [2][-]{subsection.6.6.2}{\376\377\000C\000o\000n\000d\000i\000t\000i\000o\000n\000a\000l\000\040\000Q\000B\000E\000R}{section.6.6}% 139
\BOOKMARK [2][-]{subsection.6.6.3}{\376\377\000O\000p\000t\000i\000m\000a\000l\000\040\000D\000T\000\040\000C\000o\000e\000f\000f\000i\000c\000i\000e\000n\000t\000\040\000R\000a\000n\000g\000e\000s}{section.6.6}% 140
\BOOKMARK [1][-]{section.6.7}{\376\377\000C\000h\000a\000p\000t\000e\000r\000\040\000S\000u\000m\000m\000a\000r\000y}{chapter.6}% 141
\BOOKMARK [0][-]{chapter.7}{\376\377\000E\000r\000r\000o\000r\000\040\000H\000a\000n\000d\000l\000i\000n\000g\000\040\000a\000n\000d\000\040\000R\000e\000l\000i\000a\000b\000i\000l\000i\000t\000y}{part.3}% 142
\BOOKMARK [1][-]{section.7.1}{\376\377\000E\000r\000r\000o\000r\000\040\000C\000o\000r\000r\000e\000c\000t\000i\000o\000n\000\040\000i\000n\000\040\000Q\000K\000D}{chapter.7}% 143
\BOOKMARK [2][-]{subsection.7.1.1}{\376\377\000T\000h\000e\000\040\000R\000e\000c\000o\000n\000c\000i\000l\000i\000a\000t\000i\000o\000n\000\040\000P\000r\000o\000b\000l\000e\000m}{section.7.1}% 144
\BOOKMARK [2][-]{subsection.7.1.2}{\376\377\000E\000r\000r\000o\000r\000\040\000C\000o\000r\000r\000e\000c\000t\000i\000o\000n\000\040\000P\000a\000r\000a\000d\000i\000g\000m\000s}{section.7.1}% 145
\BOOKMARK [1][-]{section.7.2}{\376\377\000C\000A\000S\000C\000A\000D\000E\000\040\000P\000r\000o\000t\000o\000c\000o\000l}{chapter.7}% 146
\BOOKMARK [2][-]{subsection.7.2.1}{\376\377\000H\000i\000s\000t\000o\000r\000i\000c\000a\000l\000\040\000S\000i\000g\000n\000i\000f\000i\000c\000a\000n\000c\000e}{section.7.2}% 147
\BOOKMARK [2][-]{subsection.7.2.2}{\376\377\000P\000e\000r\000f\000o\000r\000m\000a\000n\000c\000e\000\040\000C\000h\000a\000r\000a\000c\000t\000e\000r\000i\000s\000t\000i\000c\000s}{section.7.2}% 148
\BOOKMARK [2][-]{subsection.7.2.3}{\376\377\000R\000e\000c\000e\000n\000t\000\040\000R\000e\000v\000i\000v\000a\000l}{section.7.2}% 149
\BOOKMARK [1][-]{section.7.3}{\376\377\000L\000D\000P\000C\000\040\000C\000o\000d\000e\000s\000\040\000f\000o\000r\000\040\000Q\000K\000D}{chapter.7}% 150
\BOOKMARK [2][-]{subsection.7.3.1}{\376\377\000L\000o\000w\000-\000D\000e\000n\000s\000i\000t\000y\000\040\000P\000a\000r\000i\000t\000y\000-\000C\000h\000e\000c\000k\000\040\000C\000o\000d\000e\000s}{section.7.3}% 151
\BOOKMARK [2][-]{subsection.7.3.2}{\376\377\000A\000p\000p\000l\000i\000c\000a\000t\000i\000o\000n\000\040\000t\000o\000\040\000Q\000K\000D}{section.7.3}% 152
\BOOKMARK [2][-]{subsection.7.3.3}{\376\377\000C\000h\000a\000l\000l\000e\000n\000g\000e\000s}{section.7.3}% 153
\BOOKMARK [1][-]{section.7.4}{\376\377\000P\000o\000l\000a\000r\000\040\000C\000o\000d\000e\000s}{chapter.7}% 154
\BOOKMARK [2][-]{subsection.7.4.1}{\376\377\000C\000h\000a\000n\000n\000e\000l\000\040\000P\000o\000l\000a\000r\000i\000z\000a\000t\000i\000o\000n}{section.7.4}% 155
\BOOKMARK [2][-]{subsection.7.4.2}{\376\377\000A\000p\000p\000l\000i\000c\000a\000t\000i\000o\000n\000\040\000t\000o\000\040\000Q\000K\000D}{section.7.4}% 156
\BOOKMARK [2][-]{subsection.7.4.3}{\376\377\000R\000C\000-\000L\000D\000P\000C\000-\000P\000o\000l\000a\000r\000\040\000C\000o\000d\000e\000s\000\040\000\050\0002\0000\0002\0004\000\051}{section.7.4}% 157
\BOOKMARK [1][-]{section.7.5}{\376\377\000A\000R\000Q\000-\000B\000a\000s\000e\000d\000\040\000R\000e\000l\000i\000a\000b\000i\000l\000i\000t\000y\000:\000\040\000N\000g\000u\000y\000e\000n\000\040\000e\000t\000\040\000a\000l\000.}{chapter.7}% 158
\BOOKMARK [2][-]{subsection.7.5.1}{\376\377\000P\000a\000r\000a\000d\000i\000g\000m\000\040\000S\000h\000i\000f\000t}{section.7.5}% 159
\BOOKMARK [2][-]{subsection.7.5.2}{\376\377\000P\000r\000o\000t\000o\000c\000o\000l\000\040\000O\000p\000e\000r\000a\000t\000i\000o\000n}{section.7.5}% 160
\BOOKMARK [2][-]{subsection.7.5.3}{\376\377\000C\000o\000m\000p\000a\000r\000i\000s\000o\000n\000\040\000w\000i\000t\000h\000\040\000F\000E\000C}{section.7.5}% 161
\BOOKMARK [2][-]{subsection.7.5.4}{\376\377\000A\000d\000v\000a\000n\000t\000a\000g\000e\000s}{section.7.5}% 162
\BOOKMARK [1][-]{section.7.6}{\376\377\0003\000-\000D\000\040\000M\000a\000r\000k\000o\000v\000\040\000C\000h\000a\000i\000n\000\040\000A\000n\000a\000l\000y\000s\000i\000s}{chapter.7}% 163
\BOOKMARK [2][-]{subsection.7.6.1}{\376\377\000S\000t\000a\000t\000e\000\040\000S\000p\000a\000c\000e\000\040\000D\000e\000f\000i\000n\000i\000t\000i\000o\000n}{section.7.6}% 164
\BOOKMARK [2][-]{subsection.7.6.2}{\376\377\000T\000r\000a\000n\000s\000i\000t\000i\000o\000n\000\040\000P\000r\000o\000b\000a\000b\000i\000l\000i\000t\000i\000e\000s}{section.7.6}% 165
\BOOKMARK [2][-]{subsection.7.6.3}{\376\377\000K\000e\000y\000\040\000L\000o\000s\000s\000\040\000R\000a\000t\000e\000\040\000D\000e\000r\000i\000v\000a\000t\000i\000o\000n}{section.7.6}% 166
\BOOKMARK [2][-]{subsection.7.6.4}{\376\377\000N\000o\000v\000e\000l\000\040\000C\000o\000n\000t\000r\000i\000b\000u\000t\000i\000o\000n}{section.7.6}% 167
\BOOKMARK [1][-]{section.7.7}{\376\377\000K\000e\000y\000\040\000L\000o\000s\000s\000\040\000R\000a\000t\000e\000\040\000P\000e\000r\000f\000o\000r\000m\000a\000n\000c\000e}{chapter.7}% 168
\BOOKMARK [2][-]{subsection.7.7.1}{\376\377\000K\000L\000R\000\040\000v\000s\000.\000\040\000R\000e\000t\000r\000a\000n\000s\000m\000i\000s\000s\000i\000o\000n\000s}{section.7.7}% 169
\BOOKMARK [2][-]{subsection.7.7.2}{\376\377\000D\000i\000m\000i\000n\000i\000s\000h\000i\000n\000g\000\040\000R\000e\000t\000u\000r\000n\000s}{section.7.7}% 170
\BOOKMARK [1][-]{section.7.8}{\376\377\000C\000h\000a\000p\000t\000e\000r\000\040\000S\000u\000m\000m\000a\000r\000y}{chapter.7}% 171
\BOOKMARK [0][-]{chapter.8}{\376\377\000S\000e\000c\000u\000r\000i\000t\000y\000\040\000A\000n\000a\000l\000y\000s\000i\000s\000\040\000L\000i\000t\000e\000r\000a\000t\000u\000r\000e}{part.3}% 172
\BOOKMARK [1][-]{section.8.1}{\376\377\000Q\000K\000D\000\040\000S\000e\000c\000u\000r\000i\000t\000y\000\040\000F\000r\000a\000m\000e\000w\000o\000r\000k}{chapter.8}% 173
\BOOKMARK [2][-]{subsection.8.1.1}{\376\377\000I\000n\000f\000o\000r\000m\000a\000t\000i\000o\000n\000-\000T\000h\000e\000o\000r\000e\000t\000i\000c\000\040\000S\000e\000c\000u\000r\000i\000t\000y}{section.8.1}% 174
\BOOKMARK [2][-]{subsection.8.1.2}{\376\377\000S\000e\000c\000u\000r\000i\000t\000y\000\040\000H\000i\000e\000r\000a\000r\000c\000h\000y}{section.8.1}% 175
\BOOKMARK [1][-]{section.8.2}{\376\377\000P\000r\000a\000c\000t\000i\000c\000a\000l\000\040\000S\000e\000c\000u\000r\000i\000t\000y\000\040\000F\000r\000a\000m\000e\000w\000o\000r\000k}{chapter.8}% 176
\BOOKMARK [2][-]{subsection.8.2.1}{\376\377\000S\000c\000a\000r\000a\000n\000i\000\040\000e\000t\000\040\000a\000l\000.\000\040\000\050\0002\0000\0000\0009\000\051}{section.8.2}% 177
\BOOKMARK [2][-]{subsection.8.2.2}{\376\377\000R\000e\000l\000e\000v\000a\000n\000c\000e\000\040\000t\000o\000\040\000N\000g\000u\000y\000e\000n\000\040\000e\000t\000\040\000a\000l\000.}{section.8.2}% 178
\BOOKMARK [1][-]{section.8.3}{\376\377\000F\000i\000n\000i\000t\000e\000-\000K\000e\000y\000\040\000S\000e\000c\000u\000r\000i\000t\000y}{chapter.8}% 179
\BOOKMARK [2][-]{subsection.8.3.1}{\376\377\000T\000h\000e\000\040\000F\000i\000n\000i\000t\000e\000-\000K\000e\000y\000\040\000C\000h\000a\000l\000l\000e\000n\000g\000e}{section.8.3}% 180
\BOOKMARK [2][-]{subsection.8.3.2}{\376\377\000T\000o\000m\000a\000m\000i\000c\000h\000e\000l\000\040\000e\000t\000\040\000a\000l\000.\000\040\000\050\0002\0000\0001\0002\000\051}{section.8.3}% 181
\BOOKMARK [2][-]{subsection.8.3.3}{\376\377\000I\000m\000p\000a\000c\000t\000\040\000o\000n\000\040\000K\000e\000y\000\040\000R\000a\000t\000e}{section.8.3}% 182
\BOOKMARK [1][-]{section.8.4}{\376\377\000R\000e\000a\000l\000i\000s\000t\000i\000c\000\040\000D\000e\000v\000i\000c\000e\000\040\000S\000e\000c\000u\000r\000i\000t\000y}{chapter.8}% 183
\BOOKMARK [2][-]{subsection.8.4.1}{\376\377\000X\000u\000\040\000e\000t\000\040\000a\000l\000.\000\040\000\050\0002\0000\0002\0000\000\051}{section.8.4}% 184
\BOOKMARK [2][-]{subsection.8.4.2}{\376\377\000M\000e\000a\000s\000u\000r\000e\000m\000e\000n\000t\000-\000D\000e\000v\000i\000c\000e\000-\000I\000n\000d\000e\000p\000e\000n\000d\000e\000n\000t\000\040\000Q\000K\000D}{section.8.4}% 185
\BOOKMARK [1][-]{section.8.5}{\376\377\000C\000V\000-\000Q\000K\000D\000\040\000S\000e\000c\000u\000r\000i\000t\000y}{chapter.8}% 186
\BOOKMARK [2][-]{subsection.8.5.1}{\376\377\000L\000e\000v\000e\000r\000r\000i\000e\000r\000\040\000\050\0002\0000\0001\0005\000\051}{section.8.5}% 187
\BOOKMARK [2][-]{subsection.8.5.2}{\376\377\000D\000i\000s\000c\000r\000e\000t\000e\000\040\000M\000o\000d\000u\000l\000a\000t\000i\000o\000n\000\040\000S\000e\000c\000u\000r\000i\000t\000y}{section.8.5}% 188
\BOOKMARK [1][-]{section.8.6}{\376\377\000S\000e\000c\000u\000r\000i\000t\000y\000\040\000A\000n\000a\000l\000y\000s\000i\000s\000\040\000i\000n\000\040\000N\000g\000u\000y\000e\000n\000\040\000e\000t\000\040\000a\000l\000.}{chapter.8}% 189
\BOOKMARK [2][-]{subsection.8.6.1}{\376\377\000U\000n\000a\000u\000t\000h\000o\000r\000i\000z\000e\000d\000\040\000R\000e\000c\000e\000i\000v\000e\000r\000\040\000A\000t\000t\000a\000c\000k\000\040\000\050\000U\000R\000A\000\051}{section.8.6}% 190
\BOOKMARK [2][-]{subsection.8.6.2}{\376\377\000E\000v\000e\000'\000s\000\040\000R\000e\000c\000e\000i\000v\000e\000d\000\040\000P\000o\000w\000e\000r}{section.8.6}% 191
\BOOKMARK [2][-]{subsection.8.6.3}{\376\377\000S\000e\000c\000u\000r\000i\000t\000y\000\040\000B\000o\000u\000n\000d\000a\000r\000y}{section.8.6}% 192
\BOOKMARK [2][-]{subsection.8.6.4}{\376\377\000L\000i\000m\000i\000t\000a\000t\000i\000o\000n\000s\000\040\000o\000f\000\040\000A\000n\000a\000l\000y\000s\000i\000s}{section.8.6}% 193
\BOOKMARK [1][-]{section.8.7}{\376\377\000R\000e\000c\000e\000n\000t\000\040\000S\000e\000c\000u\000r\000i\000t\000y\000\040\000D\000e\000v\000e\000l\000o\000p\000m\000e\000n\000t\000s\000\040\000\050\0002\0000\0002\0002\000-\0002\0000\0002\0005\000\051}{chapter.8}% 194
\BOOKMARK [2][-]{subsection.8.7.1}{\376\377\000N\000u\000m\000e\000r\000i\000c\000a\000l\000\040\000S\000e\000c\000u\000r\000i\000t\000y\000\040\000P\000r\000o\000o\000f\000s}{section.8.7}% 195
\BOOKMARK [2][-]{subsection.8.7.2}{\376\377\000F\000i\000n\000i\000t\000e\000-\000K\000e\000y\000\040\000f\000o\000r\000\040\000H\000e\000t\000e\000r\000o\000d\000y\000n\000e\000\040\000\050\0002\0000\0002\0005\000\051}{section.8.7}% 196
\BOOKMARK [2][-]{subsection.8.7.3}{\376\377\000P\000o\000s\000t\000-\000Q\000u\000a\000n\000t\000u\000m\000\040\000C\000o\000n\000s\000i\000d\000e\000r\000a\000t\000i\000o\000n\000s}{section.8.7}% 197
\BOOKMARK [1][-]{section.8.8}{\376\377\000C\000h\000a\000p\000t\000e\000r\000\040\000S\000u\000m\000m\000a\000r\000y}{chapter.8}% 198
\BOOKMARK [-1][-]{part.4}{\376\377\000I\000V\000\040\000A\000n\000a\000l\000y\000s\000i\000s\000\040\000a\000n\000d\000\040\000S\000y\000n\000t\000h\000e\000s\000i\000s}{}% 199
\BOOKMARK [0][-]{chapter.9}{\376\377\000C\000o\000m\000p\000a\000r\000a\000t\000i\000v\000e\000\040\000A\000n\000a\000l\000y\000s\000i\000s}{part.4}% 200
\BOOKMARK [1][-]{section.9.1}{\376\377\000M\000e\000t\000h\000o\000d\000o\000l\000o\000g\000y\000\040\000C\000o\000m\000p\000a\000r\000i\000s\000o\000n}{chapter.9}% 201
\BOOKMARK [2][-]{subsection.9.1.1}{\376\377\000D\000e\000t\000e\000c\000t\000i\000o\000n\000\040\000A\000p\000p\000r\000o\000a\000c\000h\000\040\000C\000o\000m\000p\000a\000r\000i\000s\000o\000n}{section.9.1}% 202
\BOOKMARK [2][-]{subsection.9.1.2}{\376\377\000P\000r\000o\000t\000o\000c\000o\000l\000\040\000C\000o\000m\000p\000a\000r\000i\000s\000o\000n}{section.9.1}% 203
\BOOKMARK [2][-]{subsection.9.1.3}{\376\377\000E\000r\000r\000o\000r\000\040\000H\000a\000n\000d\000l\000i\000n\000g\000\040\000C\000o\000m\000p\000a\000r\000i\000s\000o\000n}{section.9.1}% 204
\BOOKMARK [1][-]{section.9.2}{\376\377\000P\000e\000r\000f\000o\000r\000m\000a\000n\000c\000e\000\040\000C\000o\000m\000p\000a\000r\000i\000s\000o\000n}{chapter.9}% 205
\BOOKMARK [2][-]{subsection.9.2.1}{\376\377\000P\000o\000w\000e\000r\000\040\000R\000e\000q\000u\000i\000r\000e\000m\000e\000n\000t\000s}{section.9.2}% 206
\BOOKMARK [2][-]{subsection.9.2.2}{\376\377\000K\000e\000y\000\040\000R\000a\000t\000e\000\040\000C\000o\000m\000p\000a\000r\000i\000s\000o\000n}{section.9.2}% 207
\BOOKMARK [2][-]{subsection.9.2.3}{\376\377\000R\000e\000l\000i\000a\000b\000i\000l\000i\000t\000y\000\040\000C\000o\000m\000p\000a\000r\000i\000s\000o\000n}{section.9.2}% 208
\BOOKMARK [1][-]{section.9.3}{\376\377\000U\000n\000i\000q\000u\000e\000\040\000C\000o\000n\000t\000r\000i\000b\000u\000t\000i\000o\000n\000s\000\040\000o\000f\000\040\000N\000g\000u\000y\000e\000n\000\040\000e\000t\000\040\000a\000l\000.}{chapter.9}% 209
\BOOKMARK [2][-]{subsection.9.3.1}{\376\377\000N\000o\000v\000e\000l\000\040\000E\000l\000e\000m\000e\000n\000t\000s}{section.9.3}% 210
\BOOKMARK [2][-]{subsection.9.3.2}{\376\377\000R\000e\000s\000e\000a\000r\000c\000h\000\040\000G\000a\000p\000s\000\040\000A\000d\000d\000r\000e\000s\000s\000e\000d}{section.9.3}% 211
\BOOKMARK [1][-]{section.9.4}{\376\377\000P\000T\000I\000T\000\040\000R\000e\000s\000e\000a\000r\000c\000h\000\040\000E\000v\000o\000l\000u\000t\000i\000o\000n}{chapter.9}% 212
\BOOKMARK [2][-]{subsection.9.4.1}{\376\377\000R\000e\000s\000e\000a\000r\000c\000h\000\040\000T\000i\000m\000e\000l\000i\000n\000e}{section.9.4}% 213
\BOOKMARK [2][-]{subsection.9.4.2}{\376\377\000C\000u\000m\000u\000l\000a\000t\000i\000v\000e\000\040\000C\000o\000n\000t\000r\000i\000b\000u\000t\000i\000o\000n\000s}{section.9.4}% 214
\BOOKMARK [1][-]{section.9.5}{\376\377\000I\000n\000t\000e\000r\000n\000a\000t\000i\000o\000n\000a\000l\000\040\000C\000o\000n\000t\000e\000x\000t}{chapter.9}% 215
\BOOKMARK [2][-]{subsection.9.5.1}{\376\377\000G\000e\000o\000g\000r\000a\000p\000h\000i\000c\000\040\000D\000i\000s\000t\000r\000i\000b\000u\000t\000i\000o\000n\000\040\000o\000f\000\040\000R\000e\000s\000e\000a\000r\000c\000h}{section.9.5}% 216
\BOOKMARK [2][-]{subsection.9.5.2}{\376\377\000V\000i\000e\000t\000n\000a\000m\000e\000s\000e\000\040\000P\000o\000s\000i\000t\000i\000o\000n}{section.9.5}% 217
\BOOKMARK [1][-]{section.9.6}{\376\377\000C\000r\000i\000t\000i\000c\000a\000l\000\040\000A\000s\000s\000e\000s\000s\000m\000e\000n\000t}{chapter.9}% 218
\BOOKMARK [2][-]{subsection.9.6.1}{\376\377\000S\000t\000r\000e\000n\000g\000t\000h\000s}{section.9.6}% 219
\BOOKMARK [2][-]{subsection.9.6.2}{\376\377\000L\000i\000m\000i\000t\000a\000t\000i\000o\000n\000s}{section.9.6}% 220
\BOOKMARK [1][-]{section.9.7}{\376\377\000C\000h\000a\000p\000t\000e\000r\000\040\000S\000u\000m\000m\000a\000r\000y}{chapter.9}% 221
\BOOKMARK [0][-]{chapter.10}{\376\377\000R\000e\000s\000e\000a\000r\000c\000h\000\040\000G\000a\000p\000s\000\040\000a\000n\000d\000\040\000F\000u\000t\000u\000r\000e\000\040\000D\000i\000r\000e\000c\000t\000i\000o\000n\000s}{part.4}% 222
\BOOKMARK [1][-]{section.10.1}{\376\377\000T\000h\000e\000o\000r\000e\000t\000i\000c\000a\000l\000\040\000G\000a\000p\000s}{chapter.10}% 223
\BOOKMARK [2][-]{subsection.10.1.1}{\376\377\000F\000i\000n\000i\000t\000e\000-\000K\000e\000y\000\040\000S\000e\000c\000u\000r\000i\000t\000y\000\040\000A\000n\000a\000l\000y\000s\000i\000s}{section.10.1}% 224
\BOOKMARK [2][-]{subsection.10.1.2}{\376\377\000A\000d\000v\000a\000n\000c\000e\000d\000\040\000E\000a\000v\000e\000s\000d\000r\000o\000p\000p\000e\000r\000\040\000M\000o\000d\000e\000l\000s}{section.10.1}% 225
\BOOKMARK [2][-]{subsection.10.1.3}{\376\377\000H\000y\000b\000r\000i\000d\000\040\000A\000R\000Q\000-\000F\000E\000C\000\040\000A\000n\000a\000l\000y\000s\000i\000s}{section.10.1}% 226
\BOOKMARK [1][-]{section.10.2}{\376\377\000P\000r\000a\000c\000t\000i\000c\000a\000l\000\040\000I\000m\000p\000l\000e\000m\000e\000n\000t\000a\000t\000i\000o\000n\000\040\000G\000a\000p\000s}{chapter.10}% 227
\BOOKMARK [2][-]{subsection.10.2.1}{\376\377\000P\000o\000i\000n\000t\000i\000n\000g\000\040\000a\000n\000d\000\040\000T\000r\000a\000c\000k\000i\000n\000g}{section.10.2}% 228
\BOOKMARK [2][-]{subsection.10.2.2}{\376\377\000P\000h\000a\000s\000e\000\040\000N\000o\000i\000s\000e\000\040\000a\000n\000d\000\040\000S\000y\000n\000c\000h\000r\000o\000n\000i\000z\000a\000t\000i\000o\000n}{section.10.2}% 229
\BOOKMARK [2][-]{subsection.10.2.3}{\376\377\000E\000x\000p\000e\000r\000i\000m\000e\000n\000t\000a\000l\000\040\000V\000a\000l\000i\000d\000a\000t\000i\000o\000n}{section.10.2}% 230
\BOOKMARK [1][-]{section.10.3}{\376\377\000S\000y\000s\000t\000e\000m\000-\000L\000e\000v\000e\000l\000\040\000G\000a\000p\000s}{chapter.10}% 231
\BOOKMARK [2][-]{subsection.10.3.1}{\376\377\000L\000E\000O\000\040\000C\000o\000n\000s\000t\000e\000l\000l\000a\000t\000i\000o\000n\000\040\000I\000n\000t\000e\000g\000r\000a\000t\000i\000o\000n}{section.10.3}% 232
\BOOKMARK [2][-]{subsection.10.3.2}{\376\377\000H\000y\000b\000r\000i\000d\000\040\000F\000S\000O\000/\000R\000F\000\040\000A\000r\000c\000h\000i\000t\000e\000c\000t\000u\000r\000e}{section.10.3}% 233
\BOOKMARK [2][-]{subsection.10.3.3}{\376\377\000N\000e\000t\000w\000o\000r\000k\000\040\000I\000n\000t\000e\000g\000r\000a\000t\000i\000o\000n}{section.10.3}% 234
\BOOKMARK [1][-]{section.10.4}{\376\377\000F\000u\000t\000u\000r\000e\000\040\000R\000e\000s\000e\000a\000r\000c\000h\000\040\000D\000i\000r\000e\000c\000t\000i\000o\000n\000s}{chapter.10}% 235
\BOOKMARK [2][-]{subsection.10.4.1}{\376\377\000N\000e\000a\000r\000-\000T\000e\000r\000m\000\040\000\050\0001\040\023\0002\000\040\000Y\000e\000a\000r\000s\000\051}{section.10.4}% 236
\BOOKMARK [2][-]{subsection.10.4.2}{\376\377\000M\000e\000d\000i\000u\000m\000-\000T\000e\000r\000m\000\040\000\050\0003\040\023\0005\000\040\000Y\000e\000a\000r\000s\000\051}{section.10.4}% 237
\BOOKMARK [2][-]{subsection.10.4.3}{\376\377\000L\000o\000n\000g\000-\000T\000e\000r\000m\000\040\000\050\0005\000+\000\040\000Y\000e\000a\000r\000s\000\051}{section.10.4}% 238
\BOOKMARK [1][-]{section.10.5}{\376\377\000R\000e\000s\000e\000a\000r\000c\000h\000\040\000R\000o\000a\000d\000m\000a\000p}{chapter.10}% 239
\BOOKMARK [1][-]{section.10.6}{\376\377\000C\000h\000a\000p\000t\000e\000r\000\040\000S\000u\000m\000m\000a\000r\000y}{chapter.10}% 240
\BOOKMARK [0][-]{chapter.11}{\376\377\000C\000o\000n\000c\000l\000u\000s\000i\000o\000n}{part.4}% 241
\BOOKMARK [1][-]{section.11.1}{\376\377\000L\000i\000t\000e\000r\000a\000t\000u\000r\000e\000\040\000R\000e\000v\000i\000e\000w\000\040\000S\000u\000m\000m\000a\000r\000y}{chapter.11}% 242
\BOOKMARK [2][-]{subsection.11.1.1}{\376\377\000P\000a\000r\000t\000\040\000I\000:\000\040\000I\000n\000t\000r\000o\000d\000u\000c\000t\000i\000o\000n\000\040\000a\000n\000d\000\040\000P\000a\000p\000e\000r\000\040\000A\000n\000a\000l\000y\000s\000i\000s}{section.11.1}% 243
\BOOKMARK [2][-]{subsection.11.1.2}{\376\377\000P\000a\000r\000t\000\040\000I\000I\000:\000\040\000T\000h\000e\000o\000r\000e\000t\000i\000c\000a\000l\000\040\000F\000o\000u\000n\000d\000a\000t\000i\000o\000n\000s}{section.11.1}% 244
\BOOKMARK [2][-]{subsection.11.1.3}{\376\377\000P\000a\000r\000t\000\040\000I\000I\000I\000:\000\040\000T\000e\000c\000h\000n\000i\000c\000a\000l\000\040\000A\000s\000p\000e\000c\000t\000s}{section.11.1}% 245
\BOOKMARK [2][-]{subsection.11.1.4}{\376\377\000P\000a\000r\000t\000\040\000I\000V\000:\000\040\000A\000n\000a\000l\000y\000s\000i\000s\000\040\000a\000n\000d\000\040\000S\000y\000n\000t\000h\000e\000s\000i\000s}{section.11.1}% 246
\BOOKMARK [1][-]{section.11.2}{\376\377\000K\000e\000y\000\040\000F\000i\000n\000d\000i\000n\000g\000s}{chapter.11}% 247
\BOOKMARK [2][-]{subsection.11.2.1}{\376\377\000N\000g\000u\000y\000e\000n\000\040\000e\000t\000\040\000a\000l\000.\000\040\000\050\0002\0000\0002\0001\000\051\000\040\000C\000o\000n\000t\000r\000i\000b\000u\000t\000i\000o\000n\000s}{section.11.2}% 248
\BOOKMARK [2][-]{subsection.11.2.2}{\376\377\000Q\000u\000a\000n\000t\000i\000t\000a\000t\000i\000v\000e\000\040\000R\000e\000s\000u\000l\000t\000s}{section.11.2}% 249
\BOOKMARK [2][-]{subsection.11.2.3}{\376\377\000U\000n\000i\000q\000u\000e\000\040\000P\000o\000s\000i\000t\000i\000o\000n\000\040\000i\000n\000\040\000L\000i\000t\000e\000r\000a\000t\000u\000r\000e}{section.11.2}% 250
\BOOKMARK [1][-]{section.11.3}{\376\377\000C\000r\000i\000t\000i\000c\000a\000l\000\040\000A\000s\000s\000e\000s\000s\000m\000e\000n\000t}{chapter.11}% 251
\BOOKMARK [2][-]{subsection.11.3.1}{\376\377\000S\000t\000r\000e\000n\000g\000t\000h\000s}{section.11.3}% 252
\BOOKMARK [2][-]{subsection.11.3.2}{\376\377\000L\000i\000m\000i\000t\000a\000t\000i\000o\000n\000s}{section.11.3}% 253
\BOOKMARK [1][-]{section.11.4}{\376\377\000R\000e\000c\000o\000m\000m\000e\000n\000d\000a\000t\000i\000o\000n\000s}{chapter.11}% 254
\BOOKMARK [2][-]{subsection.11.4.1}{\376\377\000F\000o\000r\000\040\000R\000e\000s\000e\000a\000r\000c\000h\000e\000r\000s}{section.11.4}% 255
\BOOKMARK [2][-]{subsection.11.4.2}{\376\377\000F\000o\000r\000\040\000P\000r\000a\000c\000t\000i\000t\000i\000o\000n\000e\000r\000s}{section.11.4}% 256
\BOOKMARK [2][-]{subsection.11.4.3}{\376\377\000F\000o\000r\000\040\000P\000o\000l\000i\000c\000y\000m\000a\000k\000e\000r\000s}{section.11.4}% 257
\BOOKMARK [1][-]{section.11.5}{\376\377\000F\000u\000t\000u\000r\000e\000\040\000O\000u\000t\000l\000o\000o\000k}{chapter.11}% 258
\BOOKMARK [2][-]{subsection.11.5.1}{\376\377\000T\000e\000c\000h\000n\000o\000l\000o\000g\000y\000\040\000T\000r\000a\000j\000e\000c\000t\000o\000r\000y}{section.11.5}% 259
\BOOKMARK [2][-]{subsection.11.5.2}{\376\377\000V\000i\000e\000t\000n\000a\000m\000e\000s\000e\000\040\000O\000p\000p\000o\000r\000t\000u\000n\000i\000t\000y}{section.11.5}% 260
\BOOKMARK [2][-]{subsection.11.5.3}{\376\377\000R\000o\000l\000e\000\040\000o\000f\000\040\000N\000g\000u\000y\000e\000n\000\040\000e\000t\000\040\000a\000l\000.\000\040\000\050\0002\0000\0002\0001\000\051}{section.11.5}% 261
\BOOKMARK [1][-]{section.11.6}{\376\377\000F\000i\000n\000a\000l\000\040\000R\000e\000m\000a\000r\000k\000s}{chapter.11}% 262
\BOOKMARK [-1][-]{part.5}{\376\377\000V\000\040\000A\000p\000p\000e\000n\000d\000i\000c\000e\000s}{}% 263
\BOOKMARK [0][-]{appendix.A}{\376\377\000K\000e\000y\000\040\000E\000q\000u\000a\000t\000i\000o\000n\000s\000\040\000R\000e\000f\000e\000r\000e\000n\000c\000e}{part.5}% 264
\BOOKMARK [1][-]{section.A.1}{\376\377\000C\000h\000a\000n\000n\000e\000l\000\040\000M\000o\000d\000e\000l\000\040\000E\000q\000u\000a\000t\000i\000o\000n\000s}{appendix.A}% 265
\BOOKMARK [2][-]{subsection.A.1.1}{\376\377\000C\000o\000m\000b\000i\000n\000e\000d\000\040\000C\000h\000a\000n\000n\000e\000l\000\040\000C\000o\000e\000f\000f\000i\000c\000i\000e\000n\000t}{section.A.1}% 266
\BOOKMARK [2][-]{subsection.A.1.2}{\376\377\000F\000r\000e\000e\000-\000S\000p\000a\000c\000e\000\040\000P\000a\000t\000h\000\040\000L\000o\000s\000s}{section.A.1}% 267
\BOOKMARK [2][-]{subsection.A.1.3}{\376\377\000S\000l\000a\000n\000t\000\040\000R\000a\000n\000g\000e}{section.A.1}% 268
\BOOKMARK [2][-]{subsection.A.1.4}{\376\377\000A\000t\000m\000o\000s\000p\000h\000e\000r\000i\000c\000\040\000A\000t\000t\000e\000n\000u\000a\000t\000i\000o\000n}{section.A.1}% 269
\BOOKMARK [2][-]{subsection.A.1.5}{\376\377\000H\000u\000f\000n\000a\000g\000e\000l\000-\000V\000a\000l\000l\000e\000y\000\040\000T\000u\000r\000b\000u\000l\000e\000n\000c\000e\000\040\000P\000r\000o\000f\000i\000l\000e}{section.A.1}% 270
\BOOKMARK [2][-]{subsection.A.1.6}{\376\377\000R\000y\000t\000o\000v\000\040\000V\000a\000r\000i\000a\000n\000c\000e}{section.A.1}% 271
\BOOKMARK [2][-]{subsection.A.1.7}{\376\377\000G\000a\000m\000m\000a\000-\000G\000a\000m\000m\000a\000\040\000D\000i\000s\000t\000r\000i\000b\000u\000t\000i\000o\000n}{section.A.1}% 272
\BOOKMARK [2][-]{subsection.A.1.8}{\376\377\000S\000c\000i\000n\000t\000i\000l\000l\000a\000t\000i\000o\000n\000\040\000P\000a\000r\000a\000m\000e\000t\000e\000r\000s}{section.A.1}% 273
\BOOKMARK [1][-]{section.A.2}{\376\377\000D\000e\000t\000e\000c\000t\000i\000o\000n\000\040\000E\000q\000u\000a\000t\000i\000o\000n\000s}{appendix.A}% 274
\BOOKMARK [2][-]{subsection.A.2.1}{\376\377\000Q\000P\000S\000K\000\040\000P\000h\000a\000s\000e\000\040\000S\000t\000a\000t\000e\000s}{section.A.2}% 275
\BOOKMARK [2][-]{subsection.A.2.2}{\376\377\000D\000u\000a\000l\000-\000T\000h\000r\000e\000s\000h\000o\000l\000d\000\040\000D\000e\000c\000i\000s\000i\000o\000n}{section.A.2}% 276
\BOOKMARK [2][-]{subsection.A.2.3}{\376\377\000T\000h\000r\000e\000s\000h\000o\000l\000d\000\040\000C\000o\000n\000f\000i\000g\000u\000r\000a\000t\000i\000o\000n}{section.A.2}% 277
\BOOKMARK [2][-]{subsection.A.2.4}{\376\377\000R\000e\000c\000e\000i\000v\000e\000d\000\040\000P\000o\000w\000e\000r}{section.A.2}% 278
\BOOKMARK [2][-]{subsection.A.2.5}{\376\377\000S\000N\000R\000\040\000f\000o\000r\000\040\000H\000e\000t\000e\000r\000o\000d\000y\000n\000e\000\040\000D\000e\000t\000e\000c\000t\000i\000o\000n}{section.A.2}% 279
\BOOKMARK [2][-]{subsection.A.2.6}{\376\377\000N\000o\000i\000s\000e\000\040\000V\000a\000r\000i\000a\000n\000c\000e\000s}{section.A.2}% 280
\BOOKMARK [1][-]{section.A.3}{\376\377\000Q\000B\000E\000R\000\040\000E\000q\000u\000a\000t\000i\000o\000n\000s}{appendix.A}% 281
\BOOKMARK [2][-]{subsection.A.3.1}{\376\377\000B\000i\000t\000\040\000E\000r\000r\000o\000r\000\040\000P\000r\000o\000b\000a\000b\000i\000l\000i\000t\000y}{section.A.3}% 282
\BOOKMARK [2][-]{subsection.A.3.2}{\376\377\000Q\000-\000F\000u\000n\000c\000t\000i\000o\000n}{section.A.3}% 283
\BOOKMARK [2][-]{subsection.A.3.3}{\376\377\000C\000o\000n\000d\000i\000t\000i\000o\000n\000a\000l\000\040\000Q\000B\000E\000R}{section.A.3}% 284
\BOOKMARK [2][-]{subsection.A.3.4}{\376\377\000S\000i\000f\000t\000i\000n\000g\000\040\000P\000r\000o\000b\000a\000b\000i\000l\000i\000t\000y}{section.A.3}% 285
\BOOKMARK [1][-]{section.A.4}{\376\377\000M\000a\000r\000k\000o\000v\000\040\000C\000h\000a\000i\000n\000\040\000M\000o\000d\000e\000l\000\040\000E\000q\000u\000a\000t\000i\000o\000n\000s}{appendix.A}% 286
\BOOKMARK [2][-]{subsection.A.4.1}{\376\377\000S\000t\000a\000t\000e\000\040\000S\000p\000a\000c\000e\000\040\000D\000e\000f\000i\000n\000i\000t\000i\000o\000n}{section.A.4}% 287
\BOOKMARK [2][-]{subsection.A.4.2}{\376\377\000C\000h\000a\000n\000n\000e\000l\000\040\000T\000r\000a\000n\000s\000i\000t\000i\000o\000n\000\040\000P\000r\000o\000b\000a\000b\000i\000l\000i\000t\000i\000e\000s}{section.A.4}% 288
\BOOKMARK [2][-]{subsection.A.4.3}{\376\377\000S\000t\000e\000a\000d\000y\000-\000S\000t\000a\000t\000e\000\040\000D\000i\000s\000t\000r\000i\000b\000u\000t\000i\000o\000n}{section.A.4}% 289
\BOOKMARK [2][-]{subsection.A.4.4}{\376\377\000K\000e\000y\000\040\000L\000o\000s\000s\000\040\000R\000a\000t\000e}{section.A.4}% 290
\BOOKMARK [1][-]{section.A.5}{\376\377\000S\000e\000c\000u\000r\000i\000t\000y\000\040\000E\000q\000u\000a\000t\000i\000o\000n\000s}{appendix.A}% 291
\BOOKMARK [2][-]{subsection.A.5.1}{\376\377\000E\000v\000e\000'\000s\000\040\000R\000e\000c\000e\000i\000v\000e\000d\000\040\000P\000o\000w\000e\000r}{section.A.5}% 292
\BOOKMARK [2][-]{subsection.A.5.2}{\376\377\000S\000e\000c\000u\000r\000e\000\040\000K\000e\000y\000\040\000R\000a\000t\000e\000\040\000\050\000A\000s\000y\000m\000p\000t\000o\000t\000i\000c\000\051}{section.A.5}% 293
\BOOKMARK [2][-]{subsection.A.5.3}{\376\377\000B\000i\000n\000a\000r\000y\000\040\000E\000n\000t\000r\000o\000p\000y\000\040\000F\000u\000n\000c\000t\000i\000o\000n}{section.A.5}% 294
\BOOKMARK [1][-]{section.A.6}{\376\377\000N\000o\000t\000a\000t\000i\000o\000n\000\040\000R\000e\000f\000e\000r\000e\000n\000c\000e}{appendix.A}% 295
\BOOKMARK [0][-]{appendix.B}{\376\377\000L\000i\000t\000e\000r\000a\000t\000u\000r\000e\000\040\000D\000a\000t\000a\000b\000a\000s\000e}{part.5}% 296
\BOOKMARK [1][-]{section.B.1}{\376\377\000T\000i\000e\000r\000\040\0001\000:\000\040\000E\000s\000s\000e\000n\000t\000i\000a\000l\000\040\000P\000a\000p\000e\000r\000s}{appendix.B}% 297
\BOOKMARK [1][-]{section.B.2}{\376\377\000T\000i\000e\000r\000\040\0002\000:\000\040\000I\000m\000p\000o\000r\000t\000a\000n\000t\000\040\000P\000a\000p\000e\000r\000s}{appendix.B}% 298
\BOOKMARK [1][-]{section.B.3}{\376\377\000T\000i\000e\000r\000\040\0003\000:\000\040\000S\000u\000p\000p\000o\000r\000t\000i\000n\000g\000\040\000P\000a\000p\000e\000r\000s}{appendix.B}% 299
\BOOKMARK [1][-]{section.B.4}{\376\377\000T\000i\000e\000r\000\040\0004\000:\000\040\000R\000e\000f\000e\000r\000e\000n\000c\000e\000\040\000P\000a\000p\000e\000r\000s}{appendix.B}% 300
\BOOKMARK [1][-]{section.B.5}{\376\377\000V\000i\000e\000t\000n\000a\000m\000e\000s\000e\000/\000P\000T\000I\000T\000\040\000R\000e\000s\000e\000a\000r\000c\000h\000\040\000P\000a\000p\000e\000r\000s}{appendix.B}% 301
\BOOKMARK [1][-]{section.B.6}{\376\377\000P\000a\000p\000e\000r\000s\000\040\000b\000y\000\040\000C\000a\000t\000e\000g\000o\000r\000y}{appendix.B}% 302
\BOOKMARK [2][-]{subsection.B.6.1}{\376\377\000F\000o\000u\000n\000d\000a\000t\000i\000o\000n\000a\000l\000\040\000Q\000K\000D\000\040\000P\000r\000o\000t\000o\000c\000o\000l\000s}{section.B.6}% 303
\BOOKMARK [2][-]{subsection.B.6.2}{\376\377\000S\000a\000t\000e\000l\000l\000i\000t\000e\000\040\000Q\000K\000D\000\040\000E\000x\000p\000e\000r\000i\000m\000e\000n\000t\000s}{section.B.6}% 304
\BOOKMARK [2][-]{subsection.B.6.3}{\376\377\000A\000t\000m\000o\000s\000p\000h\000e\000r\000i\000c\000\040\000C\000h\000a\000n\000n\000e\000l\000\040\000M\000o\000d\000e\000l\000s}{section.B.6}% 305
\BOOKMARK [2][-]{subsection.B.6.4}{\376\377\000D\000e\000t\000e\000c\000t\000i\000o\000n\000\040\000a\000n\000d\000\040\000M\000o\000d\000u\000l\000a\000t\000i\000o\000n}{section.B.6}% 306
\BOOKMARK [2][-]{subsection.B.6.5}{\376\377\000E\000r\000r\000o\000r\000\040\000C\000o\000r\000r\000e\000c\000t\000i\000o\000n}{section.B.6}% 307
\BOOKMARK [2][-]{subsection.B.6.6}{\376\377\000S\000e\000c\000u\000r\000i\000t\000y\000\040\000A\000n\000a\000l\000y\000s\000i\000s}{section.B.6}% 308
\BOOKMARK [2][-]{subsection.B.6.7}{\376\377\000R\000e\000c\000e\000n\000t\000\040\000A\000d\000v\000a\000n\000c\000e\000s\000\040\000\050\0002\0000\0002\0002\000-\0002\0000\0002\0005\000\051}{section.B.6}% 309
\BOOKMARK [1][-]{section.B.7}{\376\377\000C\000i\000t\000a\000t\000i\000o\000n\000\040\000S\000t\000a\000t\000i\000s\000t\000i\000c\000s}{appendix.B}% 310
\BOOKMARK [1][-]{section.B.8}{\376\377\000P\000a\000p\000e\000r\000\040\000A\000c\000c\000e\000s\000s\000\040\000I\000n\000f\000o\000r\000m\000a\000t\000i\000o\000n}{appendix.B}% 311
\BOOKMARK [2][-]{subsection.B.8.1}{\376\377\000O\000p\000e\000n\000\040\000A\000c\000c\000e\000s\000s\000\040\000S\000o\000u\000r\000c\000e\000s}{section.B.8}% 312
\BOOKMARK [2][-]{subsection.B.8.2}{\376\377\000I\000n\000s\000t\000i\000t\000u\000t\000i\000o\000n\000a\000l\000\040\000A\000c\000c\000e\000s\000s}{section.B.8}% 313
\BOOKMARK [2][-]{subsection.B.8.3}{\376\377\000D\000O\000I\000\040\000R\000e\000f\000e\000r\000e\000n\000c\000e\000s}{section.B.8}% 314
\BOOKMARK [0][-]{appendix*.85}{\376\377\000B\000i\000b\000l\000i\000o\000g\000r\000a\000p\000h\000y}{part.5}% 315
